<?xml version="1.0" encoding="UTF-8"?>
<testsuite xmlns:xsi="http://www.w3.org/2001/XMLSchema-instance" xsi:noNamespaceSchemaLocation="https://maven.apache.org/surefire/maven-surefire-plugin/xsd/surefire-test-report.xsd" name="uk.ac.ed.inf.FlightPathTest" time="0" tests="2" errors="2" skipped="0" failures="0">
  <properties>
[...]
</properties>
  <testcase name="deliveryTest" classname="uk.ac.ed.inf.FlightPathTest" time="0">
    <error message="uk/ac/ed/inf/ilp/interfaces/LngLatHandling" type="java.lang.NoClassDefFoundError"><![CDATA[java.lang.NoClassDefFoundError: uk/ac/ed/inf/ilp/interfaces/LngLatHandling
	at uk.ac.ed.inf.FlightPathTest.<init>(FlightPathTest.java:17)
Caused by: java.lang.ClassNotFoundException: uk.ac.ed.inf.ilp.interfaces.LngLatHandling
	at uk.ac.ed.inf.FlightPathTest.<init>(FlightPathTest.java:17)
]]></error>
  </testcase>
  <testcase name="deliverDay" classname="uk.ac.ed.inf.FlightPathTest" time="0">
    <error message="uk/ac/ed/inf/ilp/interfaces/LngLatHandling" type="java.lang.NoClassDefFoundError"><![CDATA[java.lang.NoClassDefFoundError: uk/ac/ed/inf/ilp/interfaces/LngLatHandling
	at uk.ac.ed.inf.FlightPathTest.<init>(FlightPathTest.java:17)
Caused by: java.lang.ClassNotFoundException: uk.ac.ed.inf.ilp.interfaces.LngLatHandling
	at uk.ac.ed.inf.FlightPathTest.<init>(FlightPathTest.java:17)
]]></error>
  </testcase>
</testsuite>