-------------------------------------------------------------------------------
Test set: uk.ac.ed.inf.OrderValidatorTest
-------------------------------------------------------------------------------
Tests run: 1, Failures: 0, Errors: 1, Skipped: 0, Time elapsed: 0 s <<< FAILURE! - in uk.ac.ed.inf.OrderValidatorTest
initializationError(uk.ac.ed.inf.OrderValidatorTest)  Time elapsed: 0 s  <<< ERROR!
java.lang.NoClassDefFoundError: uk/ac/ed/inf/ilp/interfaces/OrderValidation
Caused by: java.lang.ClassNotFoundException: uk.ac.ed.inf.ilp.interfaces.OrderValidation

